Update environment: conda env update -f environment.yml --prune

Improvements midterm delivery:
    Start: 04/02/2026   End: 08/02/2026

    Accuracy results rework
    reworking the svc pipeline and improved results 

Improvements to the code mainantance:
    Start: 10/02/2026 End: ongoing

    creation of docker file and docker compose file for the project
    Changed paths of the data in the code

Working on ANN model:
    Start: 18/02/2026 End: ongoing

    libraries needed
    pipeline construction (code)
    First train results -> Overfitting: | Train Acc: 100.00% | Test Acc:   7.50%
        - Add Dropout
        - Reduce model size: (512, 256) -> (128, 64)
        - L2 Reg. (Weight decay)
        - Reduce dimensionality with PCA
        - Reduce learning rate

    Second train results:
        Epoch [ 10/150] | Loss: 3.8487 | Train Acc:   1.67% | Test Acc:   5.00%
        Epoch [ 20/150] | Loss: 3.3839 | Train Acc:   6.67% | Test Acc:   5.00%
        Epoch [ 30/150] | Loss: 3.4897 | Train Acc:   7.50% | Test Acc:   7.50%
        Epoch [ 40/150] | Loss: 3.0142 | Train Acc:  12.50% | Test Acc:   5.00%
        Epoch [ 50/150] | Loss: 2.9867 | Train Acc:  10.83% | Test Acc:   7.50%
        Epoch [ 60/150] | Loss: 2.8958 | Train Acc:  13.33% | Test Acc:   5.00%
        Epoch [ 70/150] | Loss: 2.8751 | Train Acc:  11.67% | Test Acc:   2.50%
        Epoch [ 80/150] | Loss: 2.7285 | Train Acc:  18.33% | Test Acc:   2.50%
        Epoch [ 90/150] | Loss: 2.6277 | Train Acc:  25.00% | Test Acc:   2.50%
        Epoch [100/150] | Loss: 2.6030 | Train Acc:  15.00% | Test Acc:   2.50%
        Epoch [110/150] | Loss: 2.3744 | Train Acc:  27.50% | Test Acc:   5.00%
        Epoch [120/150] | Loss: 2.4435 | Train Acc:  26.67% | Test Acc:   5.00%
        Epoch [130/150] | Loss: 2.4283 | Train Acc:  25.83% | Test Acc:   5.00%
        Epoch [140/150] | Loss: 2.1391 | Train Acc:  40.00% | Test Acc:   7.50%
        Epoch [150/150] | Loss: 2.0630 | Train Acc:  40.00% | Test Acc:  10.00%

    Improvements v1:  
        Adam vs. Adamw (https://www.datacamp.com/tutorial/adamw-optimizer-in-pytorch)
        Use of another atlas (destrieux_2009), since the harvard_oxford didnt have Left hemisphere
        Training stops when acc >= 25%, or no improvement after 1000 epochs

    Results after Improvements v1: 
        Accuracy at 7.5% - 12.5%, barely above random guessing (5%)
        Training accuracy at ~95% - 100% -> Overfitting
        Causes: 
            Insufficient data -> 120 training samples for 20 classes
            Dropout of 50% not enough

    Improvements v2:
        Reduce model complexity -> h1=64,h2=32; 32,16; Remove one layer, PCA = 50,30,etc.; dropout 0.3,0.2,etc.
        Implement Loro cv completely -> Train on 1,2,3; Test on 4; Train on 2,3,4; Test on 1; etc. Avg the 4 test accuracies
        Test several models, and compare them, to see which combination of parameters is the best
        batch * 2
        Remove PCA

4 Class ANN:
    - 4 classes to represent the eletrodes, three electrodes were positioned on the middle finger, four on the hand, six on the forearm, and seven on the arm.
        Class 0 -> E1-E3 (Middle Finger)
        Class 1 -> E4-E7 (Hand)
        Class 2 -> E8-E13 (Forearm)
        Class 3 -> E14-E20 (Arm)

        Feature matrix shape: (160, 2187)
        Labels shape: (160,)
        Number of unique regions: 4
        Label distribution:
            Middle_Finger (Class 0): 24 samples
            Hand (Class 1): 32 samples
            Forearm (Class 2): 48 samples
            Arm (Class 3): 56 samples

TODO:
    Problema de 4 classes (~40%)
    More Data -> Train on the first participant (sub-p0001), save the model and test on the second participant (sub-p0002)
    Pesquisar sobre search light
    Transfer learning